0 info it worked if it ends with ok
1 verbose cli [ 'C:\\Program Files\\nodejs\\node.exe',
1 verbose cli   'C:\\Program Files\\nodejs\\node_modules\\npm\\bin\\npm-cli.js',
1 verbose cli   'install',
1 verbose cli   'firebase-tools',
1 verbose cli   '-g' ]
2 info using npm@3.10.9
3 info using node@v7.1.0
4 silly loadCurrentTree Starting
5 silly install loadCurrentTree
6 silly install readGlobalPackageData
7 silly fetchPackageMetaData firebase-tools
8 silly fetchNamedPackageData firebase-tools
9 silly mapToRegistry name firebase-tools
10 silly mapToRegistry using default registry
11 silly mapToRegistry registry http://registry.npmjs.org/
12 silly mapToRegistry data Result {
12 silly mapToRegistry   raw: 'firebase-tools',
12 silly mapToRegistry   scope: null,
12 silly mapToRegistry   escapedName: 'firebase-tools',
12 silly mapToRegistry   name: 'firebase-tools',
12 silly mapToRegistry   rawSpec: '',
12 silly mapToRegistry   spec: 'latest',
12 silly mapToRegistry   type: 'tag' }
13 silly mapToRegistry uri http://registry.npmjs.org/firebase-tools
14 verbose request uri http://registry.npmjs.org/firebase-tools
15 verbose request no auth needed
16 info attempt registry request try #1 at 15:27:35
17 verbose request id 1f3fbc777ed84369
18 http request GET http://registry.npmjs.org/firebase-tools
19 info retry will retry, error on last attempt: Error: getaddrinfo ENOTFOUND proxy proxy:8083
20 info attempt registry request try #2 at 15:27:49
21 http request GET http://registry.npmjs.org/firebase-tools
22 info retry will retry, error on last attempt: Error: getaddrinfo ENOTFOUND proxy proxy:8083
23 info attempt registry request try #3 at 15:28:54
24 http request GET http://registry.npmjs.org/firebase-tools
25 silly fetchPackageMetaData Error: getaddrinfo ENOTFOUND proxy proxy:8083
25 silly fetchPackageMetaData     at errnoException (dns.js:28:10)
25 silly fetchPackageMetaData     at GetAddrInfoReqWrap.onlookup [as oncomplete] (dns.js:76:26)
25 silly fetchPackageMetaData  error for firebase-tools { Error: getaddrinfo ENOTFOUND proxy proxy:8083
25 silly fetchPackageMetaData     at errnoException (dns.js:28:10)
25 silly fetchPackageMetaData     at GetAddrInfoReqWrap.onlookup [as oncomplete] (dns.js:76:26)
25 silly fetchPackageMetaData   code: 'ENOTFOUND',
25 silly fetchPackageMetaData   errno: 'ENOTFOUND',
25 silly fetchPackageMetaData   syscall: 'getaddrinfo',
25 silly fetchPackageMetaData   hostname: 'proxy',
25 silly fetchPackageMetaData   host: 'proxy',
25 silly fetchPackageMetaData   port: '8083' }
26 silly rollbackFailedOptional Starting
27 silly rollbackFailedOptional Finishing
28 silly runTopLevelLifecycles Finishing
29 silly install printInstalled
30 verbose stack Error: getaddrinfo ENOTFOUND proxy proxy:8083
30 verbose stack     at errnoException (dns.js:28:10)
30 verbose stack     at GetAddrInfoReqWrap.onlookup [as oncomplete] (dns.js:76:26)
31 verbose cwd C:\Users\i833978\Documents\GitHub\FriendlyChat_Tutorial
32 error Windows_NT 10.0.10586
33 error argv "C:\\Program Files\\nodejs\\node.exe" "C:\\Program Files\\nodejs\\node_modules\\npm\\bin\\npm-cli.js" "install" "firebase-tools" "-g"
34 error node v7.1.0
35 error npm  v3.10.9
36 error code ENOTFOUND
37 error errno ENOTFOUND
38 error syscall getaddrinfo
39 error network getaddrinfo ENOTFOUND proxy proxy:8083
40 error network This is most likely not a problem with npm itself
40 error network and is related to network connectivity.
40 error network In most cases you are behind a proxy or have bad network settings.
40 error network
40 error network If you are behind a proxy, please make sure that the
40 error network 'proxy' config is set properly.  See: 'npm help config'
41 verbose exit [ 1, true ]
